c:\users\tongm\source\repos\gameproj_2dpathfinder\gameproj\debug\vc142.pdb
c:\users\tongm\source\repos\gameproj_2dpathfinder\gameproj\debug\vc142.idb
c:\users\tongm\source\repos\gameproj_2dpathfinder\gameproj\debug\movingobject.obj
c:\users\tongm\source\repos\gameproj_2dpathfinder\gameproj\debug\map.obj
c:\users\tongm\source\repos\gameproj_2dpathfinder\gameproj\debug\mainsrc.obj
c:\users\tongm\source\repos\gameproj_2dpathfinder\gameproj\debug\gametimer.obj
c:\users\tongm\source\repos\gameproj_2dpathfinder\gameproj\debug\character.obj
c:\users\tongm\source\repos\gameproj_2dpathfinder\gameproj\debug\basegame.obj
c:\users\tongm\source\repos\gameproj_2dpathfinder\gameproj\debug\baseapp.obj
c:\users\tongm\source\repos\gameproj_2dpathfinder\gameproj\debug\aabb.obj
c:\users\tongm\source\repos\gameproj_2dpathfinder\gameproj\debug\pathfinderfast.obj
c:\users\tongm\source\repos\gameproj_2dpathfinder\gameproj\debug\bot.obj
c:\users\tongm\source\repos\gameproj_2dpathfinder\gameproj\debug\constants.obj
c:\users\tongm\source\repos\gameproj_2dpathfinder\debug\gameproj.exe
c:\users\tongm\source\repos\gameproj_2dpathfinder\debug\gameproj.ilk
c:\users\tongm\source\repos\gameproj_2dpathfinder\debug\gameproj.pdb
c:\users\tongm\source\repos\gameproj_2dpathfinder\gameproj\debug\gameproj.tlog\cl.command.1.tlog
c:\users\tongm\source\repos\gameproj_2dpathfinder\gameproj\debug\gameproj.tlog\cl.read.1.tlog
c:\users\tongm\source\repos\gameproj_2dpathfinder\gameproj\debug\gameproj.tlog\cl.write.1.tlog
c:\users\tongm\source\repos\gameproj_2dpathfinder\gameproj\debug\gameproj.tlog\link.command.1.tlog
c:\users\tongm\source\repos\gameproj_2dpathfinder\gameproj\debug\gameproj.tlog\link.read.1.tlog
c:\users\tongm\source\repos\gameproj_2dpathfinder\gameproj\debug\gameproj.tlog\link.write.1.tlog
