c:\users\tongm\source\repos\dx11_framework\dx11_framework\debug\vc142.pdb
c:\users\tongm\source\repos\dx11_framework\dx11_framework\debug\vc142.idb
c:\users\tongm\source\repos\dx11_framework\dx11_framework\debug\main.obj
c:\users\tongm\source\repos\dx11_framework\dx11_framework\debug\game.obj
c:\users\tongm\source\repos\dx11_framework\dx11_framework\debug\deviceresources.obj
c:\users\tongm\source\repos\dx11_framework\dx11_framework\debug\dx11_framework.pch
c:\users\tongm\source\repos\dx11_framework\dx11_framework\debug\pch.obj
c:\users\tongm\source\repos\dx11_framework\dx11_framework\debug\dxerr.obj
c:\users\tongm\source\repos\dx11_framework\debug\dx11_framework.lib
c:\users\tongm\source\repos\dx11_framework\debug\dx11_framework.exp
c:\users\tongm\source\repos\dx11_framework\debug\color.cso
c:\users\tongm\source\repos\dx11_framework\debug\dx11_framework.exe
c:\users\tongm\source\repos\dx11_framework\debug\dx11_framework.ilk
c:\users\tongm\source\repos\dx11_framework\debug\dx11_framework.pdb
c:\users\tongm\source\repos\dx11_framework\dx11_framework\debug\resource.res
c:\users\tongm\source\repos\dx11_framework\dx11_framework\debug\dx11_framework.exe.embed.manifest.res
c:\users\tongm\source\repos\dx11_framework\dx11_framework\debug\dx11_framework.exe.embed.manifest
c:\users\tongm\source\repos\dx11_framework\dx11_framework\debug\dx11_framework_manifest.rc
c:\users\tongm\source\repos\dx11_framework\dx11_framework\debug\dx11_framework.tlog\cl.command.1.tlog
c:\users\tongm\source\repos\dx11_framework\dx11_framework\debug\dx11_framework.tlog\cl.read.1.tlog
c:\users\tongm\source\repos\dx11_framework\dx11_framework\debug\dx11_framework.tlog\cl.write.1.tlog
c:\users\tongm\source\repos\dx11_framework\dx11_framework\debug\dx11_framework.tlog\dx11_framework.write.1u.tlog
c:\users\tongm\source\repos\dx11_framework\dx11_framework\debug\dx11_framework.tlog\fxc.command.1.tlog
c:\users\tongm\source\repos\dx11_framework\dx11_framework\debug\dx11_framework.tlog\fxc.read.1.tlog
c:\users\tongm\source\repos\dx11_framework\dx11_framework\debug\dx11_framework.tlog\fxc.write.1.tlog
c:\users\tongm\source\repos\dx11_framework\dx11_framework\debug\dx11_framework.tlog\link.command.1.tlog
c:\users\tongm\source\repos\dx11_framework\dx11_framework\debug\dx11_framework.tlog\link.read.1.tlog
c:\users\tongm\source\repos\dx11_framework\dx11_framework\debug\dx11_framework.tlog\link.write.1.tlog
c:\users\tongm\source\repos\dx11_framework\dx11_framework\debug\dx11_framework.tlog\rc.command.1.tlog
c:\users\tongm\source\repos\dx11_framework\dx11_framework\debug\dx11_framework.tlog\rc.read.1.tlog
c:\users\tongm\source\repos\dx11_framework\dx11_framework\debug\dx11_framework.tlog\rc.write.1.tlog
