c:\users\tongm\onedrive\documents\github\directx_practice\dx_11\dx11_framework\dx11_frame\dx11_frame\debug\vc142.pdb
c:\users\tongm\onedrive\documents\github\directx_practice\dx_11\dx11_framework\dx11_frame\dx11_frame\debug\vc142.idb
c:\users\tongm\onedrive\documents\github\directx_practice\dx_11\dx11_framework\dx11_frame\dx11_frame\debug\main.obj
c:\users\tongm\onedrive\documents\github\directx_practice\dx_11\dx11_framework\dx11_frame\dx11_frame\debug\xnacollision.obj
c:\users\tongm\onedrive\documents\github\directx_practice\dx_11\dx11_framework\dx11_frame\dx11_frame\debug\waves.obj
c:\users\tongm\onedrive\documents\github\directx_practice\dx_11\dx11_framework\dx11_frame\dx11_frame\debug\texturemgr.obj
c:\users\tongm\onedrive\documents\github\directx_practice\dx_11\dx11_framework\dx11_frame\dx11_frame\debug\mathhelper.obj
c:\users\tongm\onedrive\documents\github\directx_practice\dx_11\dx11_framework\dx11_frame\dx11_frame\debug\lighthelper.obj
c:\users\tongm\onedrive\documents\github\directx_practice\dx_11\dx11_framework\dx11_frame\dx11_frame\debug\geometrygenerator.obj
c:\users\tongm\onedrive\documents\github\directx_practice\dx_11\dx11_framework\dx11_frame\dx11_frame\debug\gametimer.obj
c:\users\tongm\onedrive\documents\github\directx_practice\dx_11\dx11_framework\dx11_frame\dx11_frame\debug\dxerr.obj
c:\users\tongm\onedrive\documents\github\directx_practice\dx_11\dx11_framework\dx11_frame\dx11_frame\debug\d3dutil.obj
c:\users\tongm\onedrive\documents\github\directx_practice\dx_11\dx11_framework\dx11_frame\dx11_frame\debug\d3dapp.obj
c:\users\tongm\onedrive\documents\github\directx_practice\dx_11\dx11_framework\dx11_frame\dx11_frame\debug\camera.obj
c:\users\tongm\onedrive\documents\github\directx_practice\dx_11\dx11_framework_2\dx11_frame\dx11_frame\debug\vc142.pdb
c:\users\tongm\onedrive\documents\github\directx_practice\dx_11\dx11_framework_2\dx11_frame\dx11_frame\debug\vc142.idb
c:\users\tongm\onedrive\documents\github\directx_practice\dx_11\dx11_framework_2\dx11_frame\dx11_frame\debug\main.obj
c:\users\tongm\onedrive\documents\github\directx_practice\dx_11\dx11_framework_2\dx11_frame\dx11_frame\debug\xnacollision.obj
c:\users\tongm\onedrive\documents\github\directx_practice\dx_11\dx11_framework_2\dx11_frame\dx11_frame\debug\waves.obj
c:\users\tongm\onedrive\documents\github\directx_practice\dx_11\dx11_framework_2\dx11_frame\dx11_frame\debug\texturemgr.obj
c:\users\tongm\onedrive\documents\github\directx_practice\dx_11\dx11_framework_2\dx11_frame\dx11_frame\debug\mathhelper.obj
c:\users\tongm\onedrive\documents\github\directx_practice\dx_11\dx11_framework_2\dx11_frame\dx11_frame\debug\lighthelper.obj
c:\users\tongm\onedrive\documents\github\directx_practice\dx_11\dx11_framework_2\dx11_frame\dx11_frame\debug\geometrygenerator.obj
c:\users\tongm\onedrive\documents\github\directx_practice\dx_11\dx11_framework_2\dx11_frame\dx11_frame\debug\gametimer.obj
c:\users\tongm\onedrive\documents\github\directx_practice\dx_11\dx11_framework_2\dx11_frame\dx11_frame\debug\dxerr.obj
c:\users\tongm\onedrive\documents\github\directx_practice\dx_11\dx11_framework_2\dx11_frame\dx11_frame\debug\d3dutil.obj
c:\users\tongm\onedrive\documents\github\directx_practice\dx_11\dx11_framework_2\dx11_frame\dx11_frame\debug\d3dapp.obj
c:\users\tongm\onedrive\documents\github\directx_practice\dx_11\dx11_framework_2\dx11_frame\dx11_frame\debug\camera.obj
c:\users\tongm\onedrive\documents\github\directx_practice\dx_11\dx11_framework\dx11_frame\debug\color.cso
c:\users\tongm\onedrive\documents\github\directx_practice\dx_11\dx11_framework_2\dx11_frame\debug\color.cso
c:\users\tongm\onedrive\documents\github\directx_practice\dx_11\dx11_framework\dx11_frame\debug\dx11_frame.exe
c:\users\tongm\onedrive\documents\github\directx_practice\dx_11\dx11_framework\dx11_frame\debug\dx11_frame.ilk
c:\users\tongm\onedrive\documents\github\directx_practice\dx_11\dx11_framework\dx11_frame\debug\dx11_frame.pdb
c:\users\tongm\onedrive\documents\github\directx_practice\dx_11\dx11_framework_2\dx11_frame\debug\dx11_frame.ilk
c:\users\tongm\onedrive\documents\github\directx_practice\dx_11\dx11_framework_2\dx11_frame\debug\dx11_frame.exe
c:\users\tongm\onedrive\documents\github\directx_practice\dx_11\dx11_framework_2\dx11_frame\debug\dx11_frame.pdb
c:\users\tongm\onedrive\documents\github\directx_practice\dx_11\dx11_framework_2\dx11_frame\dx11_frame\debug\dx11_frame.tlog\cl.command.1.tlog
c:\users\tongm\onedrive\documents\github\directx_practice\dx_11\dx11_framework_2\dx11_frame\dx11_frame\debug\dx11_frame.tlog\cl.read.1.tlog
c:\users\tongm\onedrive\documents\github\directx_practice\dx_11\dx11_framework_2\dx11_frame\dx11_frame\debug\dx11_frame.tlog\cl.write.1.tlog
c:\users\tongm\onedrive\documents\github\directx_practice\dx_11\dx11_framework_2\dx11_frame\dx11_frame\debug\dx11_frame.tlog\fxc.command.1.tlog
c:\users\tongm\onedrive\documents\github\directx_practice\dx_11\dx11_framework_2\dx11_frame\dx11_frame\debug\dx11_frame.tlog\fxc.read.1.tlog
c:\users\tongm\onedrive\documents\github\directx_practice\dx_11\dx11_framework_2\dx11_frame\dx11_frame\debug\dx11_frame.tlog\fxc.write.1.tlog
c:\users\tongm\onedrive\documents\github\directx_practice\dx_11\dx11_framework_2\dx11_frame\dx11_frame\debug\dx11_frame.tlog\link.command.1.tlog
c:\users\tongm\onedrive\documents\github\directx_practice\dx_11\dx11_framework_2\dx11_frame\dx11_frame\debug\dx11_frame.tlog\link.read.1.tlog
c:\users\tongm\onedrive\documents\github\directx_practice\dx_11\dx11_framework_2\dx11_frame\dx11_frame\debug\dx11_frame.tlog\link.write.1.tlog
